<?xml version="1.0" encoding="UTF-8" ?>
<testsuite failures="0" time="0.383" errors="1" skipped="0" tests="1" name="com.tiago.jsonintegration.MapperTest">
  <properties>
[...]
</properties>
  <testcase time="0.062" classname="com.tiago.jsonintegration.MapperTest" name="test">
    <error message="org.springframework.context.support.GenericApplicationContext.getEnvironment()Lorg/springframework/core/env/ConfigurableEnvironment;" type="java.lang.NoSuchMethodError">java.lang.NoSuchMethodError: org.springframework.context.support.GenericApplicationContext.getEnvironment()Lorg/springframework/core/env/ConfigurableEnvironment;
	at org.springframework.test.context.support.AbstractGenericContextLoader.loadContext(AbstractGenericContextLoader.java:97)
	at org.springframework.test.context.support.AbstractGenericContextLoader.loadContext(AbstractGenericContextLoader.java:1)
	at org.springframework.test.context.support.DelegatingSmartContextLoader.loadContext(DelegatingSmartContextLoader.java:228)
	at org.springframework.test.context.TestContext.loadApplicationContext(TestContext.java:124)
	at org.springframework.test.context.TestContext.getApplicationContext(TestContext.java:148)
	at org.springframework.test.context.support.DependencyInjectionTestExecutionListener.injectDependencies(DependencyInjectionTestExecutionListener.java:109)
	at org.springframework.test.context.support.DependencyInjectionTestExecutionListener.prepareTestInstance(DependencyInjectionTestExecutionListener.java:75)
	at org.springframework.test.context.TestContextManager.prepareTestInstance(TestContextManager.java:321)
	at org.springframework.test.context.junit4.SpringJUnit4ClassRunner.createTest(SpringJUnit4ClassRunner.java:211)
	at org.springframework.test.context.junit4.SpringJUnit4ClassRunner$1.runReflectiveCall(SpringJUnit4ClassRunner.java:288)
	at org.junit.internal.runners.model.ReflectiveCallable.run(ReflectiveCallable.java:15)
	at org.springframework.test.context.junit4.SpringJUnit4ClassRunner.methodBlock(SpringJUnit4ClassRunner.java:290)
	at org.springframework.test.context.junit4.SpringJUnit4ClassRunner.runChild(SpringJUnit4ClassRunner.java:231)
	at org.junit.runners.BlockJUnit4ClassRunner.runChild(BlockJUnit4ClassRunner.java:47)
	at org.junit.runners.ParentRunner$3.run(ParentRunner.java:231)
	at org.junit.runners.ParentRunner$1.schedule(ParentRunner.java:60)
	at org.junit.runners.ParentRunner.runChildren(ParentRunner.java:229)
	at org.junit.runners.ParentRunner.access$000(ParentRunner.java:50)
	at org.junit.runners.ParentRunner$2.evaluate(ParentRunner.java:222)
	at org.springframework.test.context.junit4.statements.RunBeforeTestClassCallbacks.evaluate(RunBeforeTestClassCallbacks.java:61)
	at org.springframework.test.context.junit4.statements.RunAfterTestClassCallbacks.evaluate(RunAfterTestClassCallbacks.java:71)
	at org.junit.runners.ParentRunner.run(ParentRunner.java:300)
	at org.springframework.test.context.junit4.SpringJUnit4ClassRunner.run(SpringJUnit4ClassRunner.java:174)
	at org.apache.maven.surefire.junit4.JUnit4TestSet.execute(JUnit4TestSet.java:35)
	at org.apache.maven.surefire.junit4.JUnit4Provider.executeTestSet(JUnit4Provider.java:115)
	at org.apache.maven.surefire.junit4.JUnit4Provider.invoke(JUnit4Provider.java:97)
	at sun.reflect.NativeMethodAccessorImpl.invoke0(Native Method)
	at sun.reflect.NativeMethodAccessorImpl.invoke(NativeMethodAccessorImpl.java:39)
	at sun.reflect.DelegatingMethodAccessorImpl.invoke(DelegatingMethodAccessorImpl.java:25)
	at java.lang.reflect.Method.invoke(Method.java:597)
	at org.apache.maven.surefire.booter.ProviderFactory$ClassLoaderProxy.invoke(ProviderFactory.java:103)
	at $Proxy0.invoke(Unknown Source)
	at org.apache.maven.surefire.booter.SurefireStarter.invokeProvider(SurefireStarter.java:150)
	at org.apache.maven.surefire.booter.SurefireStarter.runSuitesInProcess(SurefireStarter.java:91)
	at org.apache.maven.surefire.booter.ForkedBooter.main(ForkedBooter.java:69)
</error>
    <system-out>@HL
@HL-------------------------------------------------------
@HL T E S T S
@HL-------------------------------------------------------
@SLRunning com.tiago.jsonintegration.MapperTest
2012-10-20 14:48:02,230  INFO | main | o.s.test.context.support.AbstractContextLoader          | Detected default resource location &quot;classpath:/com/tiago/jsonintegration/MapperTest-context.xml&quot; for test class [com.tiago.jsonintegration.MapperTest]. 
2012-10-20 14:48:02,236  INFO | main | o.s.test.context.support.DelegatingSmartContextLoader   | GenericXmlContextLoader detected default locations for context configuration [ContextConfigurationAttributes@3d3e58d4 declaringClass = &apos;com.tiago.jsonintegration.MapperTest&apos;, locations = &apos;{classpath:/com/tiago/jsonintegration/MapperTest-context.xml}&apos;, classes = &apos;{}&apos;, inheritLocations = true, contextLoaderClass = &apos;org.springframework.test.context.ContextLoader&apos;]. 
2012-10-20 14:48:02,237  INFO | main | o.s.test.context.support.AnnotationConfigContextLoader  | Could not detect default configuration classes for test class [com.tiago.jsonintegration.MapperTest]: MapperTest does not declare any static, non-private, non-final, inner classes annotated with @Configuration. 
2012-10-20 14:48:02,240  INFO | main | org.springframework.test.context.TestContextManager     | @TestExecutionListeners is not present for class [class com.tiago.jsonintegration.MapperTest]: using defaults. 
</system-out>
  </testcase>
</testsuite>