<?xml version="1.0" encoding="UTF-8" ?>
<testsuite failures="0" time="1.461" errors="2" skipped="0" tests="2" name="com.tiago.jsonintegration.StringConversionServiceTest">
  <properties>
[...]
</properties>
  <testcase time="1.245" classname="com.tiago.jsonintegration.StringConversionServiceTest" name="testStartupOfSpringInegrationContext">
    <error message="Error creating bean with name &apos;gateway&apos;: Initialization of bean failed; nested exception is java.lang.NoSuchFieldError: NULL" type="org.springframework.beans.factory.BeanCreationException">org.springframework.beans.factory.BeanCreationException: Error creating bean with name &apos;gateway&apos;: Initialization of bean failed; nested exception is java.lang.NoSuchFieldError: NULL
	at org.springframework.beans.factory.support.AbstractAutowireCapableBeanFactory.doCreateBean(AbstractAutowireCapableBeanFactory.java:527)
	at org.springframework.beans.factory.support.AbstractAutowireCapableBeanFactory.createBean(AbstractAutowireCapableBeanFactory.java:456)
	at org.springframework.beans.factory.support.AbstractBeanFactory$1.getObject(AbstractBeanFactory.java:294)
	at org.springframework.beans.factory.support.DefaultSingletonBeanRegistry.getSingleton(DefaultSingletonBeanRegistry.java:225)
	at org.springframework.beans.factory.support.AbstractBeanFactory.doGetBean(AbstractBeanFactory.java:291)
	at org.springframework.beans.factory.support.AbstractBeanFactory.getBean(AbstractBeanFactory.java:193)
	at org.springframework.beans.factory.support.DefaultListableBeanFactory.preInstantiateSingletons(DefaultListableBeanFactory.java:567)
	at org.springframework.context.support.AbstractApplicationContext.finishBeanFactoryInitialization(AbstractApplicationContext.java:895)
	at org.springframework.context.support.AbstractApplicationContext.refresh(AbstractApplicationContext.java:425)
	at org.springframework.context.support.ClassPathXmlApplicationContext.&lt;init&gt;(ClassPathXmlApplicationContext.java:197)
	at org.springframework.context.support.ClassPathXmlApplicationContext.&lt;init&gt;(ClassPathXmlApplicationContext.java:172)
	at org.springframework.context.support.ClassPathXmlApplicationContext.&lt;init&gt;(ClassPathXmlApplicationContext.java:158)
	at com.tiago.jsonintegration.StringConversionServiceTest.testStartupOfSpringInegrationContext(StringConversionServiceTest.java:35)
	at sun.reflect.NativeMethodAccessorImpl.invoke0(Native Method)
	at sun.reflect.NativeMethodAccessorImpl.invoke(NativeMethodAccessorImpl.java:39)
	at sun.reflect.DelegatingMethodAccessorImpl.invoke(DelegatingMethodAccessorImpl.java:25)
	at java.lang.reflect.Method.invoke(Method.java:597)
	at org.junit.runners.model.FrameworkMethod$1.runReflectiveCall(FrameworkMethod.java:45)
	at org.junit.internal.runners.model.ReflectiveCallable.run(ReflectiveCallable.java:15)
	at org.junit.runners.model.FrameworkMethod.invokeExplosively(FrameworkMethod.java:42)
	at org.junit.internal.runners.statements.InvokeMethod.evaluate(InvokeMethod.java:20)
	at org.junit.runners.ParentRunner.runLeaf(ParentRunner.java:263)
	at org.junit.runners.BlockJUnit4ClassRunner.runChild(BlockJUnit4ClassRunner.java:68)
	at org.junit.runners.BlockJUnit4ClassRunner.runChild(BlockJUnit4ClassRunner.java:47)
	at org.junit.runners.ParentRunner$3.run(ParentRunner.java:231)
	at org.junit.runners.ParentRunner$1.schedule(ParentRunner.java:60)
	at org.junit.runners.ParentRunner.runChildren(ParentRunner.java:229)
	at org.junit.runners.ParentRunner.access$000(ParentRunner.java:50)
	at org.junit.runners.ParentRunner$2.evaluate(ParentRunner.java:222)
	at org.junit.runners.ParentRunner.run(ParentRunner.java:300)
	at org.apache.maven.surefire.junit4.JUnit4TestSet.execute(JUnit4TestSet.java:35)
	at org.apache.maven.surefire.junit4.JUnit4Provider.executeTestSet(JUnit4Provider.java:115)
	at org.apache.maven.surefire.junit4.JUnit4Provider.invoke(JUnit4Provider.java:97)
	at sun.reflect.NativeMethodAccessorImpl.invoke0(Native Method)
	at sun.reflect.NativeMethodAccessorImpl.invoke(NativeMethodAccessorImpl.java:39)
	at sun.reflect.DelegatingMethodAccessorImpl.invoke(DelegatingMethodAccessorImpl.java:25)
	at java.lang.reflect.Method.invoke(Method.java:597)
	at org.apache.maven.surefire.booter.ProviderFactory$ClassLoaderProxy.invoke(ProviderFactory.java:103)
	at $Proxy0.invoke(Unknown Source)
	at org.apache.maven.surefire.booter.SurefireStarter.invokeProvider(SurefireStarter.java:150)
	at org.apache.maven.surefire.booter.SurefireStarter.runSuitesInProcess(SurefireStarter.java:91)
	at org.apache.maven.surefire.booter.ForkedBooter.main(ForkedBooter.java:69)
Caused by: java.lang.NoSuchFieldError: NULL
	at org.springframework.expression.TypedValue.&lt;clinit&gt;(TypedValue.java:32)
	at org.springframework.expression.spel.support.StandardEvaluationContext.setRootObject(StandardEvaluationContext.java:88)
	at org.springframework.expression.spel.support.StandardEvaluationContext.&lt;init&gt;(StandardEvaluationContext.java:74)
	at org.springframework.context.expression.StandardBeanExpressionResolver.evaluate(StandardBeanExpressionResolver.java:124)
	at org.springframework.beans.factory.support.AbstractBeanFactory.evaluateBeanDefinitionString(AbstractBeanFactory.java:1299)
	at org.springframework.beans.factory.support.BeanDefinitionValueResolver.evaluate(BeanDefinitionValueResolver.java:224)
	at org.springframework.beans.factory.support.BeanDefinitionValueResolver.resolveValueIfNecessary(BeanDefinitionValueResolver.java:200)
	at org.springframework.beans.factory.support.AbstractAutowireCapableBeanFactory.applyPropertyValues(AbstractAutowireCapableBeanFactory.java:1360)
	at org.springframework.beans.factory.support.AbstractAutowireCapableBeanFactory.populateBean(AbstractAutowireCapableBeanFactory.java:1118)
	at org.springframework.beans.factory.support.AbstractAutowireCapableBeanFactory.doCreateBean(AbstractAutowireCapableBeanFactory.java:517)
	... 41 more
</error>
    <system-out>@HL
@HL-------------------------------------------------------
@HL T E S T S
@HL-------------------------------------------------------
@SLRunning com.tiago.jsonintegration.StringConversionServiceTest
2012-10-20 14:35:54,435  INFO | main | o.s.context.support.ClassPathXmlApplicationContext      | Refreshing org.springframework.context.support.ClassPathXmlApplicationContext@42bad8a8: startup date [Sat Oct 20 14:35:54 WEST 2012]; root of context hierarchy 
2012-10-20 14:35:54,558  INFO | main | o.s.beans.factory.xml.XmlBeanDefinitionReader           | Loading XML bean definitions from class path resource [com/tiago/jsonintegration//META-INF/spring/integration/spring-integration-context.xml] 
2012-10-20 14:35:55,139  INFO | main | o.s.beans.factory.support.DefaultListableBeanFactory    | Overriding bean definition for bean &apos;requestChannel&apos;: replacing [Generic bean: class [org.springframework.integration.channel.DirectChannel]; scope=; abstract=false; lazyInit=false; autowireMode=0; dependencyCheck=0; autowireCandidate=true; primary=false; factoryBeanName=null; factoryMethodName=null; initMethodName=null; destroyMethodName=null] with [Generic bean: class [org.springframework.integration.channel.DirectChannel]; scope=; abstract=false; lazyInit=false; autowireMode=0; dependencyCheck=0; autowireCandidate=true; primary=false; factoryBeanName=null; factoryMethodName=null; initMethodName=null; destroyMethodName=null] 
2012-10-20 14:35:55,229  INFO | main | o.s.i.c.xml.DefaultConfiguringBeanFactoryPostProcessor  | No bean named &apos;errorChannel&apos; has been explicitly defined. Therefore, a default PublishSubscribeChannel will be created. 
2012-10-20 14:35:55,230  INFO | main | o.s.i.c.xml.DefaultConfiguringBeanFactoryPostProcessor  | No bean named &apos;taskScheduler&apos; has been explicitly defined. Therefore, a default ThreadPoolTaskScheduler will be created. 
2012-10-20 14:35:55,251  INFO | main | o.s.beans.factory.support.DefaultListableBeanFactory    | Pre-instantiating singletons in org.springframework.beans.factory.support.DefaultListableBeanFactory@44676e3f: defining beans [mapper,org.springframework.context.annotation.internalConfigurationAnnotationProcessor,org.springframework.context.annotation.internalAutowiredAnnotationProcessor,org.springframework.context.annotation.internalRequiredAnnotationProcessor,org.springframework.context.annotation.internalCommonAnnotationProcessor,org.springframework.integration.internalDefaultConfiguringBeanFactoryPostProcessor,gateway,org.springframework.integration.config.ServiceActivatorFactoryBean#0,requestChannel,serviceActivator,replyChannel,nullChannel,errorChannel,_org.springframework.integration.errorLogger,taskScheduler,org.springframework.integration.config.IdGeneratorConfigurer#0]; root of factory hierarchy 
2012-10-20 14:35:55,334  INFO | main | o.s.beans.factory.support.DefaultListableBeanFactory    | Destroying singletons in org.springframework.beans.factory.support.DefaultListableBeanFactory@44676e3f: defining beans [mapper,org.springframework.context.annotation.internalConfigurationAnnotationProcessor,org.springframework.context.annotation.internalAutowiredAnnotationProcessor,org.springframework.context.annotation.internalRequiredAnnotationProcessor,org.springframework.context.annotation.internalCommonAnnotationProcessor,org.springframework.integration.internalDefaultConfiguringBeanFactoryPostProcessor,gateway,org.springframework.integration.config.ServiceActivatorFactoryBean#0,requestChannel,serviceActivator,replyChannel,nullChannel,errorChannel,_org.springframework.integration.errorLogger,taskScheduler,org.springframework.integration.config.IdGeneratorConfigurer#0]; root of factory hierarchy 
</system-out>
  </testcase>
  <testcase time="0.149" classname="com.tiago.jsonintegration.StringConversionServiceTest" name="testConvertStringToUpperCase">
    <error message="Error creating bean with name &apos;gateway&apos;: Initialization of bean failed; nested exception is java.lang.NoClassDefFoundError: Could not initialize class org.springframework.expression.TypedValue" type="org.springframework.beans.factory.BeanCreationException">org.springframework.beans.factory.BeanCreationException: Error creating bean with name &apos;gateway&apos;: Initialization of bean failed; nested exception is java.lang.NoClassDefFoundError: Could not initialize class org.springframework.expression.TypedValue
	at org.springframework.beans.factory.support.AbstractAutowireCapableBeanFactory.doCreateBean(AbstractAutowireCapableBeanFactory.java:527)
	at org.springframework.beans.factory.support.AbstractAutowireCapableBeanFactory.createBean(AbstractAutowireCapableBeanFactory.java:456)
	at org.springframework.beans.factory.support.AbstractBeanFactory$1.getObject(AbstractBeanFactory.java:294)
	at org.springframework.beans.factory.support.DefaultSingletonBeanRegistry.getSingleton(DefaultSingletonBeanRegistry.java:225)
	at org.springframework.beans.factory.support.AbstractBeanFactory.doGetBean(AbstractBeanFactory.java:291)
	at org.springframework.beans.factory.support.AbstractBeanFactory.getBean(AbstractBeanFactory.java:193)
	at org.springframework.beans.factory.support.DefaultListableBeanFactory.preInstantiateSingletons(DefaultListableBeanFactory.java:567)
	at org.springframework.context.support.AbstractApplicationContext.finishBeanFactoryInitialization(AbstractApplicationContext.java:895)
	at org.springframework.context.support.AbstractApplicationContext.refresh(AbstractApplicationContext.java:425)
	at org.springframework.context.support.ClassPathXmlApplicationContext.&lt;init&gt;(ClassPathXmlApplicationContext.java:197)
	at org.springframework.context.support.ClassPathXmlApplicationContext.&lt;init&gt;(ClassPathXmlApplicationContext.java:172)
	at org.springframework.context.support.ClassPathXmlApplicationContext.&lt;init&gt;(ClassPathXmlApplicationContext.java:158)
	at com.tiago.jsonintegration.StringConversionServiceTest.testConvertStringToUpperCase(StringConversionServiceTest.java:43)
	at sun.reflect.NativeMethodAccessorImpl.invoke0(Native Method)
	at sun.reflect.NativeMethodAccessorImpl.invoke(NativeMethodAccessorImpl.java:39)
	at sun.reflect.DelegatingMethodAccessorImpl.invoke(DelegatingMethodAccessorImpl.java:25)
	at java.lang.reflect.Method.invoke(Method.java:597)
	at org.junit.runners.model.FrameworkMethod$1.runReflectiveCall(FrameworkMethod.java:45)
	at org.junit.internal.runners.model.ReflectiveCallable.run(ReflectiveCallable.java:15)
	at org.junit.runners.model.FrameworkMethod.invokeExplosively(FrameworkMethod.java:42)
	at org.junit.internal.runners.statements.InvokeMethod.evaluate(InvokeMethod.java:20)
	at org.junit.runners.ParentRunner.runLeaf(ParentRunner.java:263)
	at org.junit.runners.BlockJUnit4ClassRunner.runChild(BlockJUnit4ClassRunner.java:68)
	at org.junit.runners.BlockJUnit4ClassRunner.runChild(BlockJUnit4ClassRunner.java:47)
	at org.junit.runners.ParentRunner$3.run(ParentRunner.java:231)
	at org.junit.runners.ParentRunner$1.schedule(ParentRunner.java:60)
	at org.junit.runners.ParentRunner.runChildren(ParentRunner.java:229)
	at org.junit.runners.ParentRunner.access$000(ParentRunner.java:50)
	at org.junit.runners.ParentRunner$2.evaluate(ParentRunner.java:222)
	at org.junit.runners.ParentRunner.run(ParentRunner.java:300)
	at org.apache.maven.surefire.junit4.JUnit4TestSet.execute(JUnit4TestSet.java:35)
	at org.apache.maven.surefire.junit4.JUnit4Provider.executeTestSet(JUnit4Provider.java:115)
	at org.apache.maven.surefire.junit4.JUnit4Provider.invoke(JUnit4Provider.java:97)
	at sun.reflect.NativeMethodAccessorImpl.invoke0(Native Method)
	at sun.reflect.NativeMethodAccessorImpl.invoke(NativeMethodAccessorImpl.java:39)
	at sun.reflect.DelegatingMethodAccessorImpl.invoke(DelegatingMethodAccessorImpl.java:25)
	at java.lang.reflect.Method.invoke(Method.java:597)
	at org.apache.maven.surefire.booter.ProviderFactory$ClassLoaderProxy.invoke(ProviderFactory.java:103)
	at $Proxy0.invoke(Unknown Source)
	at org.apache.maven.surefire.booter.SurefireStarter.invokeProvider(SurefireStarter.java:150)
	at org.apache.maven.surefire.booter.SurefireStarter.runSuitesInProcess(SurefireStarter.java:91)
	at org.apache.maven.surefire.booter.ForkedBooter.main(ForkedBooter.java:69)
Caused by: java.lang.NoClassDefFoundError: Could not initialize class org.springframework.expression.TypedValue
	at org.springframework.expression.spel.support.StandardEvaluationContext.setRootObject(StandardEvaluationContext.java:88)
	at org.springframework.expression.spel.support.StandardEvaluationContext.&lt;init&gt;(StandardEvaluationContext.java:74)
	at org.springframework.context.expression.StandardBeanExpressionResolver.evaluate(StandardBeanExpressionResolver.java:124)
	at org.springframework.beans.factory.support.AbstractBeanFactory.evaluateBeanDefinitionString(AbstractBeanFactory.java:1299)
	at org.springframework.beans.factory.support.BeanDefinitionValueResolver.evaluate(BeanDefinitionValueResolver.java:224)
	at org.springframework.beans.factory.support.BeanDefinitionValueResolver.resolveValueIfNecessary(BeanDefinitionValueResolver.java:200)
	at org.springframework.beans.factory.support.AbstractAutowireCapableBeanFactory.applyPropertyValues(AbstractAutowireCapableBeanFactory.java:1360)
	at org.springframework.beans.factory.support.AbstractAutowireCapableBeanFactory.populateBean(AbstractAutowireCapableBeanFactory.java:1118)
	at org.springframework.beans.factory.support.AbstractAutowireCapableBeanFactory.doCreateBean(AbstractAutowireCapableBeanFactory.java:517)
	... 41 more
</error>
    <system-out>2012-10-20 14:35:55,348  INFO | main | o.s.context.support.ClassPathXmlApplicationContext      | Refreshing org.springframework.context.support.ClassPathXmlApplicationContext@51701bdc: startup date [Sat Oct 20 14:35:55 WEST 2012]; root of context hierarchy 
2012-10-20 14:35:55,350  INFO | main | o.s.beans.factory.xml.XmlBeanDefinitionReader           | Loading XML bean definitions from class path resource [com/tiago/jsonintegration//META-INF/spring/integration/spring-integration-context.xml] 
2012-10-20 14:35:55,472  INFO | main | o.s.beans.factory.support.DefaultListableBeanFactory    | Overriding bean definition for bean &apos;requestChannel&apos;: replacing [Generic bean: class [org.springframework.integration.channel.DirectChannel]; scope=; abstract=false; lazyInit=false; autowireMode=0; dependencyCheck=0; autowireCandidate=true; primary=false; factoryBeanName=null; factoryMethodName=null; initMethodName=null; destroyMethodName=null] with [Generic bean: class [org.springframework.integration.channel.DirectChannel]; scope=; abstract=false; lazyInit=false; autowireMode=0; dependencyCheck=0; autowireCandidate=true; primary=false; factoryBeanName=null; factoryMethodName=null; initMethodName=null; destroyMethodName=null] 
2012-10-20 14:35:55,484  INFO | main | o.s.i.c.xml.DefaultConfiguringBeanFactoryPostProcessor  | No bean named &apos;errorChannel&apos; has been explicitly defined. Therefore, a default PublishSubscribeChannel will be created. 
2012-10-20 14:35:55,484  INFO | main | o.s.i.c.xml.DefaultConfiguringBeanFactoryPostProcessor  | No bean named &apos;taskScheduler&apos; has been explicitly defined. Therefore, a default ThreadPoolTaskScheduler will be created. 
2012-10-20 14:35:55,490  INFO | main | o.s.beans.factory.support.DefaultListableBeanFactory    | Pre-instantiating singletons in org.springframework.beans.factory.support.DefaultListableBeanFactory@6f57b46f: defining beans [mapper,org.springframework.context.annotation.internalConfigurationAnnotationProcessor,org.springframework.context.annotation.internalAutowiredAnnotationProcessor,org.springframework.context.annotation.internalRequiredAnnotationProcessor,org.springframework.context.annotation.internalCommonAnnotationProcessor,org.springframework.integration.internalDefaultConfiguringBeanFactoryPostProcessor,gateway,org.springframework.integration.config.ServiceActivatorFactoryBean#0,requestChannel,serviceActivator,replyChannel,nullChannel,errorChannel,_org.springframework.integration.errorLogger,taskScheduler,org.springframework.integration.config.IdGeneratorConfigurer#0]; root of factory hierarchy 
2012-10-20 14:35:55,496  INFO | main | o.s.beans.factory.support.DefaultListableBeanFactory    | Destroying singletons in org.springframework.beans.factory.support.DefaultListableBeanFactory@6f57b46f: defining beans [mapper,org.springframework.context.annotation.internalConfigurationAnnotationProcessor,org.springframework.context.annotation.internalAutowiredAnnotationProcessor,org.springframework.context.annotation.internalRequiredAnnotationProcessor,org.springframework.context.annotation.internalCommonAnnotationProcessor,org.springframework.integration.internalDefaultConfiguringBeanFactoryPostProcessor,gateway,org.springframework.integration.config.ServiceActivatorFactoryBean#0,requestChannel,serviceActivator,replyChannel,nullChannel,errorChannel,_org.springframework.integration.errorLogger,taskScheduler,org.springframework.integration.config.IdGeneratorConfigurer#0]; root of factory hierarchy 
</system-out>
  </testcase>
</testsuite>